2025-05-18 13:11:37,513 - semgrep.notifications - WARNING - METRICS: Using configs from the Registry (like --config=p/ci) reports pseudonymous rule metrics to semgrep.dev.
To disable Registry rule metrics, use "--metrics=off".
Using configs only from local files (like --config=xyz.yml) does not enable metrics.

More information: https://semgrep.dev/docs/metrics

2025-05-18 13:11:37,515 - semgrep.run_scan - DEBUG - semgrep version 1.2.0
2025-05-18 13:11:37,519 - semgrep.git - DEBUG - Failed to get project url from 'git ls-remote': Command failed with exit code: 128
-----
Command failed with output:
fatal: No remote configured to list refs from.


Failed to run 'git ls-remote --get-url'. Possible reasons:

- the git binary is not available
- the current working directory is not a git repository
- the baseline commit is not a parent of the current commit
    (if you are running through semgrep-app, check if you are setting `SEMGREP_BRANCH` or `SEMGREP_BASELINE_COMMIT` properly)
- the current working directory is not marked as safe
    (fix with `git config --global --add safe.directory $(pwd)`)

Try running the command yourself to debug the issue.
2025-05-18 13:11:37,520 - semgrep.config_resolver - DEBUG - Loading local config from /home/runner/workspace/.config/.semgrep/semgrep_rules.json
2025-05-18 13:11:37,522 - semgrep.config_resolver - DEBUG - Done loading local config from /home/runner/workspace/.config/.semgrep/semgrep_rules.json
2025-05-18 13:11:37,525 - semgrep.config_resolver - DEBUG - Saving rules to /tmp/semgrep-tf67l6rz.rules
2025-05-18 13:11:37,684 - semgrep.semgrep_core - DEBUG - Failed to open resource semgrep-core-proprietary: [Errno 2] No such file or directory: '/tmp/_MEIqPql9W/semgrep/bin/semgrep-core-proprietary'.
2025-05-18 13:11:38,109 - semgrep.rule_lang - DEBUG - semgrep-core validation response: valid=True
2025-05-18 13:11:38,109 - semgrep.rule_lang - DEBUG - semgrep-core validation succeeded
2025-05-18 13:11:38,109 - semgrep.rule_lang - DEBUG - RPC validation succeeded
2025-05-18 13:11:38,110 - semgrep.config_resolver - DEBUG - loaded 1 configs in 0.5900022983551025
2025-05-18 13:11:38,180 - semgrep.run_scan - VERBOSE - running 711 rules from 1 config /home/runner/workspace/.config/.semgrep/semgrep_rules.json_0
2025-05-18 13:11:38,180 - semgrep.run_scan - VERBOSE - No .semgrepignore found. Using default .semgrepignore rules. See the docs for the list of default ignores: https://semgrep.dev/docs/cli-usage/#ignore-files
2025-05-18 13:11:38,182 - semgrep.run_scan - VERBOSE - Rules:
2025-05-18 13:11:38,182 - semgrep.run_scan - VERBOSE - <SKIPPED DATA (too many entries; use --max-log-list-entries)>
2025-05-18 13:11:38,542 - semgrep.core_runner - DEBUG - Passing whole rules directly to semgrep_core
2025-05-18 13:11:38,680 - semgrep.core_runner - DEBUG - Running Semgrep engine with command:
2025-05-18 13:11:38,680 - semgrep.core_runner - DEBUG - /tmp/_MEIqPql9W/semgrep/bin/opengrep-core -json -rules /tmp/tmpjsxwzydz.json -j 8 -targets /tmp/tmp1k6lue82 -timeout 5 -timeout_threshold 3 -max_memory 0 -fast
2025-05-18 13:11:42,323 - semgrep.core_runner - DEBUG - --- semgrep-core stderr ---
[00.07][[34mINFO[0m]: Executed as: /tmp/_MEIqPql9W/semgrep/bin/opengrep-core -json -rules /tmp/tmpjsxwzydz.json -j 8 -targets /tmp/tmp1k6lue82 -timeout 5 -timeout_threshold 3 -max_memory 0 -fast
[00.07][[34mINFO[0m]: Version: 1.2.0
[00.07][[34mINFO[0m]: Parsing rules in /tmp/tmpjsxwzydz.json
[00.47][[34mINFO[0m]: scan: processing 262 files (skipping 0), with 454 rules (skipping 0 )
[02.97][[33mWARNING[0m]: Fixpoint timeout while performing taint analysis [rule: config..semgrep.vendored-rules.javascript.express.security.injection.raw-html-format file: client/src/components/contact-section.tsx func: ???]
[0m[03.60][[34mINFO[0m]: Custom ignore pattern: None
[03.60][[34mINFO[0m]: Custom ignore pattern: None
--- end semgrep-core stderr ---
2025-05-18 13:11:42,335 - semgrep.rule_match - DEBUG - match_key = ('', PosixPath('client/index.html'), 'config..semgrep.vendored-rules.html.security.audit.missing-integrity') match_id = 0ee74fd49637bebe183eca7188dbde26e386314e62cc2e7ba1ee60b377b638243fcd84e6c6fa04886198ccacfa6a711bfbcc61a28f9ddc913d5b3c53083cbc90_0
2025-05-18 13:11:42,337 - semgrep.rule_match - DEBUG - match_key = (' type="text/javascript" src="https://replit.com/public/js/replit-dev-banner.js" (?is).*integrity= (google-analytics\\.com|fonts\\.googleapis\\.com|fonts\\.gstatic\\.com|googletagmanager\\.com) .*rel\\s*=\\s*[\'"]?preconnect.* href="... :// ..." href="//..." href=\'... :// ...\' href=\'//...\' src="... :// ..." src="//..." src=\'... :// ...\' src=\'//...\' <link  type="text/javascript" src="https://replit.com/public/js/replit-dev-banner.js" > <script  type="text/javascript" src="https://replit.com/public/js/replit-dev-banner.js" >...</script>', PosixPath('client/index.html'), 'config..semgrep.vendored-rules.html.security.audit.missing-integrity') match_id = 0728b64e224596592d04447ba8a642ff94e1fb9fcc07be26d49dc7e7f6898e638ad16ffcaca086932c58f4c6400fe32603323afef02cf9bfebcb0e4a53562a40_0
2025-05-18 13:11:42,338 - semgrep.rule_match - DEBUG - match_key = (' type="text/javascript" src="https://replit.com/public/js/replit-dev-banner.js" (?is).*integrity= (google-analytics\\.com|fonts\\.googleapis\\.com|fonts\\.gstatic\\.com|googletagmanager\\.com) .*rel\\s*=\\s*[\'"]?preconnect.* href="... :// ..." href="//..." href=\'... :// ...\' href=\'//...\' src="... :// ..." src="//..." src=\'... :// ...\' src=\'//...\' <link  type="text/javascript" src="https://replit.com/public/js/replit-dev-banner.js" > <script  type="text/javascript" src="https://replit.com/public/js/replit-dev-banner.js" >...</script>', PosixPath('client/index.html'), 'config..semgrep.vendored-rules.html.security.audit.missing-integrity') match_id = 0728b64e224596592d04447ba8a642ff94e1fb9fcc07be26d49dc7e7f6898e638ad16ffcaca086932c58f4c6400fe32603323afef02cf9bfebcb0e4a53562a40_0
2025-05-18 13:11:42,339 - semgrep.rule_match - DEBUG - match_key = (' type="text/javascript" src="https://replit.com/public/js/replit-dev-banner.js" (?is).*integrity= (google-analytics\\.com|fonts\\.googleapis\\.com|fonts\\.gstatic\\.com|googletagmanager\\.com) .*rel\\s*=\\s*[\'"]?preconnect.* href="... :// ..." href="//..." href=\'... :// ...\' href=\'//...\' src="... :// ..." src="//..." src=\'... :// ...\' src=\'//...\' <link  type="text/javascript" src="https://replit.com/public/js/replit-dev-banner.js" > <script  type="text/javascript" src="https://replit.com/public/js/replit-dev-banner.js" >...</script>', PosixPath('client/index.html'), 'config..semgrep.vendored-rules.html.security.audit.missing-integrity') match_id = 0728b64e224596592d04447ba8a642ff94e1fb9fcc07be26d49dc7e7f6898e638ad16ffcaca086932c58f4c6400fe32603323afef02cf9bfebcb0e4a53562a40_0
2025-05-18 13:11:42,346 - semgrep.core_runner - DEBUG - semgrep ran in 0:00:03.804172 on 90 files
2025-05-18 13:11:42,348 - semgrep.core_runner - DEBUG - findings summary: 1 warning, 0 error, 0 info
2025-05-18 13:11:42,355 - semgrep.app.auth - DEBUG - Getting API token from settings file
2025-05-18 13:11:42,356 - semgrep.app.auth - DEBUG - No API token found in settings file
2025-05-18 13:11:42,356 - semgrep.semgrep_core - DEBUG - Failed to open resource semgrep-core-proprietary: [Errno 2] No such file or directory: '/tmp/_MEIqPql9W/semgrep/bin/semgrep-core-proprietary'.
2025-05-18 13:11:42,563 - semgrep.output - VERBOSE - 
========================================
Files skipped:
========================================

  Always skipped by Opengrep:

   • <none>

  Skipped by .gitignore:
  (Disable by passing --no-git-ignore)

   • <all files not listed by `git ls-files` were skipped>

  Skipped by .semgrepignore:
  - https://semgrep.dev/docs/ignoring-files-folders-code/#understand-semgrep-defaults

   • <none>

  Skipped by --include patterns:

   • <none>

  Skipped by --exclude patterns:

   • <none>

  Files skipped due to insufficient read permissions:

   • <none>

  Skipped by limiting to files smaller than 1000000 bytes:
  (Adjust with the --max-target-bytes flag)

   • <none>

  Partially analyzed due to parsing or internal Opengrep errors

   • client/src/components/hero-section.tsx (77 lines skipped)
   • client/src/components/youtube-section.tsx (174 lines skipped)
   • tailwind.config.ts (1 lines skipped)

2025-05-18 13:11:42,565 - semgrep.output - INFO - Some files were skipped or only partially analyzed.
  Scan was limited to files tracked by git.
  Partially scanned: 3 files only partially analyzed due to parsing or internal Opengrep errors

Ran 435 rules on 90 files: 1 finding.
2025-05-18 13:11:42,565 - semgrep.app.version - DEBUG - Version cache does not exist
2025-05-18 13:11:42,581 - semgrep.metrics - VERBOSE - Not sending pseudonymous metrics since metrics are configured to OFF and registry usage is False
